[INFO];01-Jul-25 00:57:39: Scraping iteration 1...
[INFO];01-Jul-25 00:57:39: [SKIP] https://cnn.com/2025/06/30/us/video/bryan-kohberger-plea-deal-idaho-lead-digvid (0.25)
[INFO];01-Jul-25 00:57:39: [ARTICLE] https://cnn.com/2025/06/29/us/iran-israel-evangelicals-prophecy-cec (0.45)
[INFO];01-Jul-25 00:57:40: [SKIP] https://cnn.com/account/settings (0.0)
[INFO];01-Jul-25 00:57:40: [ARTICLE] https://cnn.com/2025/06/30/us/boulder-firebomb-attack-woman-death (0.45)
[INFO];01-Jul-25 00:57:40: [ARTICLE] https://cnn.com/2025/06/25/health/heart-death-risks-change-wellness (0.45)
[INFO];01-Jul-25 00:57:41: [SKIP] https://cnn.com/2025/06/30/politics/video/elon-musk-elizabeth-warren-src-digvid (0.25)
[INFO];01-Jul-25 00:57:41: [SKIP] https://cnn.com/2025/06/30/us/video/idaho-coeur-dalene-firefighters-shooting-procession-vrtc (0.25)
[INFO];01-Jul-25 00:57:42: [SKIP] https://cnn.com/2025/06/30/entertainment/video/diddy-trial-deliberations-first-day-note-digvid (0.25)
[WARNING];01-Jul-25 00:57:42: Failed to retrieve https://cnn.com/cnn-underscored/deals/target-4th-of-july-sale-2025-06-30: HTTP 403
[INFO];01-Jul-25 00:57:42: [SKIP] https://cnn.com/2025/06/30/us/video/jean-carroll-interview-pamela-brown-trump-defamation-digvid (0.25)
[INFO];01-Jul-25 00:57:42: [ARTICLE] https://cnn.com/2025/06/23/science/orca-kelp-tool-grooming (0.45)
[INFO];01-Jul-25 00:57:43: [ARTICLE] https://cnn.com/2025/06/25/style/gallery/venice-wedding-jeff-bezos-lauren-sanchez (0.45)
[INFO];01-Jul-25 00:57:43: [ARTICLE] https://cnn.com/2025/06/30/politics/fbi-laptop-north-korea (0.45)
[WARNING];01-Jul-25 00:57:43: Failed to retrieve https://cnn.com/cnn-underscored/travel/best-travel-sized-gadgets: HTTP 403
[INFO];01-Jul-25 00:57:44: [SKIP] https://cnn.com/travel/ayran-turkey-greatest-hot-weather-drink (0.2)
[INFO];01-Jul-25 00:57:44: [ARTICLE] https://cnn.com/2025/06/30/politics/iran-israel-military-success-path-diplomacy-analysis (0.45)
[INFO];01-Jul-25 00:57:45: [SKIP] https://cnn.com/newsletters (0.2)
[WARNING];01-Jul-25 00:57:45: Failed to retrieve https://cnn.com/cnn-underscored/deals/best-4th-of-july-sales-2025-06-30: HTTP 403
[INFO];01-Jul-25 00:57:45: [SKIP] https://cnn.com/travel/san-marino-smallest-countries-italy (0.2)
[INFO];01-Jul-25 00:57:45: [ARTICLE] https://cnn.com/2025/06/30/business/lululemon-costco-lawsuit (0.45)
[INFO];01-Jul-25 00:57:46: [ARTICLE] https://cnn.com/2019/08/19/style/liz-hurley-versace-remember-when (0.45)
[INFO];01-Jul-25 00:57:46: [ARTICLE] https://cnn.com/2025/06/27/style/lauren-sanchez-dress-jeff-bezos-wedding (0.45)
[INFO];01-Jul-25 00:57:47: [ARTICLE] https://cnn.com/2025/06/30/style/dress-codes-why-do-brides-wear-veils (0.45)
[WARNING];01-Jul-25 00:57:47: Failed to retrieve https://cnn.com/cnn-underscored/money/why-i-am-keeping-chase-sapphire-reserve: HTTP 403
[INFO];01-Jul-25 00:57:47: [ARTICLE] https://cnn.com/2025/06/30/health/how-to-make-friends-tips-wellness (0.45)
[INFO];01-Jul-25 00:57:48: [ARTICLE] https://cnn.com/2025/06/24/science/amber-insect-zombie-fungi-fossil (0.45)
[INFO];01-Jul-25 00:57:48: [ARTICLE] https://cnn.com/2025/06/25/science/axiom-space-iss-leak-zvezda-module (0.45)
[WARNING];01-Jul-25 00:57:48: Failed to retrieve https://cnn.com/cnn-underscored/health-fitness/best-arch-support-shoes: HTTP 403
[INFO];01-Jul-25 00:57:48: [SKIP] https://cnn.com/2025/06/30/politics/video/thom-tillis-senate-floortrump-big-beautiful-bill-medicaid-digvid (0.25)
[INFO];01-Jul-25 00:57:49: [ARTICLE] https://cnn.com/2025/06/30/tech/trump-tiktok-who-could-buy (0.45)
[INFO];01-Jul-25 00:57:49: [ARTICLE] https://cnn.com/2025/06/30/economy/powell-fed-trump-interest-rates (0.45)
[INFO];01-Jul-25 00:57:50: [ARTICLE] https://cnn.com/2025/06/26/travel/villa-vie-odyssey-cruise-ship-15-years (0.45)
[WARNING];01-Jul-25 00:57:50: Failed to retrieve https://cnn.com/cnn-underscored/reviews/best-cooling-towels: HTTP 403
[WARNING];01-Jul-25 00:57:50: Failed to retrieve https://cnn.com/cnn-underscored/reviews/best-portable-fan: HTTP 403
[INFO];01-Jul-25 00:57:50: [ARTICLE] https://cnn.com/2025/06/27/style/anna-wintour-first-vogue-cover (0.45)
[INFO];01-Jul-25 00:57:51: [ARTICLE] https://cnn.com/2025/06/24/science/medieval-sword-netherlands-scli-intl (0.45)
[INFO];01-Jul-25 00:57:51: [ARTICLE] https://cnn.com/2025/06/29/science/satellite-strange-radio-signal-relay-2 (0.45)
[INFO];01-Jul-25 00:57:52: [ARTICLE] https://cnn.com/2025/06/27/climate/trump-tax-bill-energy-costs-dg (0.45)
[INFO];01-Jul-25 00:57:52: [ARTICLE] https://cnn.com/2025/06/30/politics/senate-gop-trump-agenda-bill-vote (0.45)
[INFO];01-Jul-25 00:57:52: [ARTICLE] https://cnn.com/2025/06/30/entertainment/charlize-theron-immigration (0.45)
[INFO];01-Jul-25 00:57:53: [ARTICLE] https://cnn.com/2025/06/30/sport/wnba-expansion-cleveland-detroit-philadelphia-spt (0.45)
[INFO];01-Jul-25 00:57:53: [ARTICLE] https://cnn.com/2025/06/30/politics/lara-trump-north-carolina-republican-senate-race (0.45)
[INFO];01-Jul-25 00:57:53: [ARTICLE] https://cnn.com/2025/06/30/uk/bob-vylan-uk-band-glastonbury-us-visa-intl-latam (0.45)
[INFO];01-Jul-25 00:57:54: [ARTICLE] https://cnn.com/2025/06/30/entertainment/rob-mcelhenney-name-change (0.45)
[INFO];01-Jul-25 00:57:54: [SKIP] https://cnn.com/2025/06/30/travel/video/father-jumps-into-ocean-rescue-daughter-disney-cruise-digvid (0.25)
[INFO];01-Jul-25 00:57:55: [ARTICLE] https://cnn.com/2025/06/30/media/elon-musk-bill-primary-threat (0.45)
[INFO];01-Jul-25 00:57:55: [ARTICLE] https://cnn.com/2025/06/30/europe/turkey-arrests-cartoonists-mohammed-protests-latam-intl (0.45)
[INFO];01-Jul-25 00:57:56: [SKIP] https://cnn.com/2025/06/30/us/video/idaho-sheriff-firefighter-ambush-update-digvid (0.25)
[INFO];01-Jul-25 00:57:56: [ARTICLE] https://cnn.com/2025/06/30/sport/lebron-james-future-lakers-nba-spt (0.45)
[INFO];01-Jul-25 00:57:56: [ARTICLE] https://cnn.com/2025/06/30/americas/sinaloa-20-bodies-found-highway-intl-latam (0.45)
[INFO];01-Jul-25 00:57:57: [ARTICLE] https://cnn.com/2025/06/30/entertainment/devil-wears-prada-2-anna-wintour (0.45)
[INFO];01-Jul-25 00:57:57: [ARTICLE] https://cnn.com/2025/06/30/business/trump-japan-rice-tariffs (0.45)
[INFO];01-Jul-25 00:57:57: [ARTICLE] https://cnn.com/2025/06/30/middleeast/israeli-strike-gaza-city-cafe-latam-intl (0.45)
[INFO];01-Jul-25 00:57:58: [SKIP] https://cnn.com/2025/06/25/style/video/satc-costume-designer-miranda-style-digvid (0.25)
[INFO];01-Jul-25 00:57:58: [ARTICLE] https://cnn.com/2025/06/29/style/doug-ischar-photography-snap (0.45)
[INFO];01-Jul-25 00:57:59: [ARTICLE] https://cnn.com/2025/06/30/us/kansas-city-chiefs-fan-death (0.45)
[INFO];01-Jul-25 00:57:59: [ARTICLE] https://cnn.com/2025/06/30/us/idaho-fire-shooter-wess-roley (0.45)
[WARNING];01-Jul-25 00:57:59: Failed to retrieve https://cnn.com/cnn-underscored/deals/early-amazon-prime-day-beauty-deals-2025-06-30: HTTP 403
[WARNING];01-Jul-25 00:57:59: Failed to retrieve https://cnn.com/cnn-underscored/reviews/best-beach-cooler: HTTP 403
[WARNING];01-Jul-25 00:57:59: Failed to retrieve https://cnn.com/cnn-underscored/deals/rei-4th-of-july-sale-2025-06-26: HTTP 403
[INFO];01-Jul-25 00:58:00: [ARTICLE] https://cnn.com/2025/06/29/health/dutch-kids-happiest-essay-wellness (0.45)
[INFO];01-Jul-25 00:58:00: [SKIP] https://cnn.com/2025/06/26/travel/video/gorges-nature-ithaca-new-york-best-towns-america-digvid (0.25)
[WARNING];01-Jul-25 00:58:00: Failed to retrieve https://cnn.com/cnn-underscored/beauty/best-face-sunscreens: HTTP 403
[INFO];01-Jul-25 00:58:01: [ARTICLE] https://cnn.com/2025/06/28/us/travis-decker-manhunt-update (0.45)
[INFO];01-Jul-25 00:58:01: [ARTICLE] https://cnn.com/2025/06/30/travel/two-people-rescued-from-water-after-going-overboard-off-disney-ship (0.45)
[INFO];01-Jul-25 00:58:02: [SKIP] https://cnn.com/travel/worlds-best-barbecue-grill (0.2)
[INFO];01-Jul-25 00:58:02: [SKIP] https://cnn.com/2025/06/12/science/video/researchers-capture-elusive-squid-on-camera-digvid (0.25)
[INFO];01-Jul-25 00:58:03: [ARTICLE] https://cnn.com/2025/06/30/media/paramount-trump-settlement-talks (0.45)
[INFO];01-Jul-25 00:58:03: [ARTICLE] https://cnn.com/2025/06/30/us/bryan-kohberger-update-plea-deal (0.45)
[WARNING];01-Jul-25 00:58:03: Failed to retrieve https://cnn.com/cnn-underscored/deals/amazon-4th-of-july-sale-2025-06-27: HTTP 403
[INFO];01-Jul-25 00:58:04: [ARTICLE] https://cnn.com/2025/07/01/politics/alligator-alcatraz-trump-florida (0.45)
[INFO];01-Jul-25 00:58:04: [ARTICLE] https://cnn.com/2025/05/13/style/salma-hayek-cannes-blue-cardigan-remember-when (0.45)
[INFO];01-Jul-25 00:58:04: [ARTICLE] https://cnn.com/2025/06/30/style/edward-burtynsky-china-africa-snap (0.45)
[INFO];01-Jul-25 00:58:05: [ARTICLE] https://cnn.com/2025/06/30/entertainment/olivia-munn-trichotillomania (0.45)
[INFO];01-Jul-25 00:58:05: [ARTICLE] https://cnn.com/2025/06/30/business/warren-buffett-donates-record (0.45)
[INFO];01-Jul-25 00:58:06: [ARTICLE] https://cnn.com/2025/06/30/politics/transgender-health-care-birth-certificates-supreme-court (0.45)
[INFO];01-Jul-25 00:58:06: [ARTICLE] https://cnn.com/2025/06/24/health/bmi-versus-body-fat-wellness (0.45)
[WARNING];01-Jul-25 00:58:06: Failed to retrieve https://cnn.com/cnn-underscored/home/best-amazon-products-big-difference: HTTP 403
[INFO];01-Jul-25 00:58:06: [ARTICLE] https://cnn.com/travel/ithaca-new-york-best-towns-america-2025 (0.45)
[INFO];01-Jul-25 00:58:07: [ARTICLE] https://cnn.com/2025/06/30/politics/los-angeles-sanctuary-city-lawsuit (0.45)
[INFO];01-Jul-25 00:58:07: [ARTICLE] https://cnn.com/2025/06/29/us/alligator-alcatraz-protests-immigration-florida-hnk (0.45)
[INFO];01-Jul-25 00:58:08: [ARTICLE] https://cnn.com/2025/06/30/politics/pfizer-covid-vaccine-philip-dormitzer (0.45)
[INFO];01-Jul-25 00:58:08: [ARTICLE] https://cnn.com/2025/06/30/investing/us-stock-market (0.45)
[INFO];01-Jul-25 00:58:09: [ARTICLE] https://cnn.com/2025/06/26/politics/medicaid-snap-cuts-trump-bill (0.45)
[WARNING];01-Jul-25 00:58:09: Failed to retrieve https://cnn.com/cnn-underscored/reviews/best-knife-sharpener: HTTP 403
[WARNING];01-Jul-25 00:58:09: Failed to retrieve https://cnn.com/cnn-underscored/home/best-car-air-freshener: HTTP 403
[INFO];01-Jul-25 00:58:09: [ARTICLE] https://cnn.com/2025/06/27/science/oldest-earth-rock-discovery-canada-debate (0.45)
[INFO];01-Jul-25 00:58:09: [ARTICLE] https://cnn.com/2025/06/30/politics/harvard-trump-administration-civil-rights-act (0.45)
[INFO];01-Jul-25 00:58:10: [ARTICLE] https://cnn.com/2025/06/30/politics/birthright-citizenship-class-action-lawsuits (0.45)
[INFO];01-Jul-25 00:58:10: [ARTICLE] https://cnn.com/2025/06/30/entertainment/asap-rocky-rihanna-baby-sex (0.45)
[INFO];01-Jul-25 00:58:11: [SKIP] https://cnn.com/travel/feedback-best-towns-america (0.2)
[INFO];01-Jul-25 00:58:11: [ARTICLE] https://cnn.com/2025/06/30/middleeast/satellite-imagery-iranian-nuclear-site-latam-intl (0.45)
[INFO];01-Jul-25 00:58:11: [ARTICLE] https://cnn.com/2025/06/29/us/bob-milgrim-remembering-sarah (0.45)
[INFO];01-Jul-25 00:58:12: [ARTICLE] https://cnn.com/2025/06/29/travel/spain-wine-battle-haro-rioja-batalla-del-vino (0.45)
[INFO];01-Jul-25 00:58:12: [ARTICLE] https://cnn.com/2025/06/30/middleeast/iran-supreme-leader-ayatollah-ali-khamenei-choices-intl (0.45)
[INFO];01-Jul-25 00:58:13: [SKIP] https://cnn.com/2025/06/29/us/video/idaho-active-shooting-former-boston-police-ed-davis-sot-digvid (0.25)
[INFO];01-Jul-25 00:58:13: [SKIP] https://cnn.com/follow?iid=fw_var-nav (0.0)
[INFO];01-Jul-25 00:58:14: [ARTICLE] https://cnn.com/2025/06/30/climate/trump-senate-bill-wind-solar (0.45)
[WARNING];01-Jul-25 00:58:14: Failed to retrieve https://cnn.com/cnn-underscored/home/best-products-to-stay-cool: HTTP 403
[INFO];01-Jul-25 00:58:14: [SKIP] https://cnn.com/travel/trevi-fountain-romance-chance-encounters (0.2)
[INFO];01-Jul-25 00:58:15: [ARTICLE] https://cnn.com/2025/06/30/business/zohran-mamdani-grocery-stores (0.45)
[WARNING];01-Jul-25 00:58:15: Failed to retrieve https://cnn.com/cnn-underscored/reviews/best-cooling-pillow: HTTP 403
[INFO];01-Jul-25 00:58:15: [ARTICLE] https://cnn.com/2025/06/30/politics/bush-obama-trump-usaid (0.45)
[INFO];01-Jul-25 00:58:16: [SKIP] https://cnn.com/entertainment/live-news/sean-diddy-combs-trial-06-30-25 (0.2)
[WARNING];01-Jul-25 00:58:16: Failed to retrieve https://cnn.com/cnn-underscored/fashion/best-swimsuits-for-women-over-40: HTTP 403
[INFO];01-Jul-25 00:58:16: [ARTICLE] https://cnn.com/2025/06/30/europe/uk-royal-family-sovereign-grant-latam-intl (0.45)
[INFO];01-Jul-25 00:58:16: [ARTICLE] https://cnn.com/2025/06/28/travel/thailand-cannabis-laws-tourism-intl-hnk (0.45)
[INFO];01-Jul-25 01:03:09: Scraping iteration 1...
[INFO];01-Jul-25 01:03:10: [ARTICLE] https://cnn.com/2025/06/30/entertainment/charlize-theron-immigration (0.45)
[INFO];01-Jul-25 01:03:10: [ARTICLE] https://cnn.com/2025/06/30/entertainment/olivia-munn-trichotillomania (0.45)
[INFO];01-Jul-25 01:03:10: [ARTICLE] https://cnn.com/2025/06/30/entertainment/rob-mcelhenney-name-change (0.45)
[INFO];01-Jul-25 01:03:10: [ARTICLE] https://cnn.com/2025/06/30/politics/pfizer-covid-vaccine-philip-dormitzer (0.45)
[INFO];01-Jul-25 01:03:10: [ARTICLE] https://cnn.com/travel/ithaca-new-york-best-towns-america-2025 (0.45)
[INFO];01-Jul-25 01:03:11: [ARTICLE] https://cnn.com/2025/06/30/politics/iran-israel-military-success-path-diplomacy-analysis (0.45)
[INFO];01-Jul-25 01:03:11: [ARTICLE] https://cnn.com/2025/06/29/style/doug-ischar-photography-snap (0.45)
[INFO];01-Jul-25 01:03:11: [ARTICLE] https://cnn.com/2025/06/27/style/anna-wintour-first-vogue-cover (0.45)
[INFO];01-Jul-25 01:03:11: [ARTICLE] https://cnn.com/2025/06/30/us/idaho-fire-shooter-wess-roley (0.45)
[INFO];01-Jul-25 01:03:12: [ARTICLE] https://cnn.com/2025/06/29/health/dutch-kids-happiest-essay-wellness (0.45)
[WARNING];01-Jul-25 01:03:12: Failed to retrieve https://cnn.com/cnn-underscored/fashion/best-swimsuits-for-women-over-40: HTTP 403
[INFO];01-Jul-25 01:03:12: [SKIP] https://cnn.com/2025/06/30/entertainment/video/diddy-trial-deliberations-first-day-note-digvid (0.25)
[WARNING];01-Jul-25 01:03:12: Failed to retrieve https://cnn.com/cnn-underscored/home/best-car-air-freshener: HTTP 403
[WARNING];01-Jul-25 01:03:12: Failed to retrieve https://cnn.com/cnn-underscored/health-fitness/best-arch-support-shoes: HTTP 403
[INFO];01-Jul-25 01:03:12: [ARTICLE] https://cnn.com/2025/06/30/middleeast/iran-supreme-leader-ayatollah-ali-khamenei-choices-intl (0.45)
[INFO];01-Jul-25 01:03:12: [ARTICLE] https://cnn.com/2025/06/26/travel/villa-vie-odyssey-cruise-ship-15-years (0.45)
[INFO];01-Jul-25 01:03:13: [SKIP] https://cnn.com/2025/06/30/us/video/jean-carroll-interview-pamela-brown-trump-defamation-digvid (0.25)
[INFO];01-Jul-25 01:03:13: [ARTICLE] https://cnn.com/2025/07/01/politics/alligator-alcatraz-trump-florida (0.45)
[INFO];01-Jul-25 01:03:13: [ARTICLE] https://cnn.com/2025/06/23/science/orca-kelp-tool-grooming (0.45)
[INFO];01-Jul-25 01:03:13: [ARTICLE] https://cnn.com/2025/06/30/middleeast/israeli-strike-gaza-city-cafe-latam-intl (0.45)
[INFO];01-Jul-25 01:03:14: [ARTICLE] https://cnn.com/2025/06/30/sport/wnba-expansion-cleveland-detroit-philadelphia-spt (0.45)
[INFO];01-Jul-25 01:03:14: [ARTICLE] https://cnn.com/2025/06/30/media/elon-musk-bill-primary-threat (0.45)
[INFO];01-Jul-25 01:03:14: [ARTICLE] https://cnn.com/2025/06/28/travel/thailand-cannabis-laws-tourism-intl-hnk (0.45)
[INFO];01-Jul-25 01:03:14: [ARTICLE] https://cnn.com/2025/06/30/politics/lara-trump-north-carolina-republican-senate-race (0.45)
[WARNING];01-Jul-25 01:03:14: Failed to retrieve https://cnn.com/cnn-underscored/deals/rei-4th-of-july-sale-2025-06-26: HTTP 403
[INFO];01-Jul-25 01:03:15: [ARTICLE] https://cnn.com/2025/06/30/entertainment/devil-wears-prada-2-anna-wintour (0.45)
[INFO];01-Jul-25 01:03:15: [ARTICLE] https://cnn.com/2025/06/30/investing/us-stock-market (0.45)
[INFO];01-Jul-25 01:03:15: [SKIP] https://cnn.com/newsletters (0.2)
[INFO];01-Jul-25 01:03:15: [ARTICLE] https://cnn.com/2025/06/30/media/paramount-trump-settlement-talks (0.45)
[INFO];01-Jul-25 01:03:15: [ARTICLE] https://cnn.com/2025/06/30/politics/bush-obama-trump-usaid (0.45)
[WARNING];01-Jul-25 01:03:16: Failed to retrieve https://cnn.com/cnn-underscored/reviews/best-portable-fan: HTTP 403
[INFO];01-Jul-25 01:03:16: [SKIP] https://cnn.com/2025/06/30/politics/video/thom-tillis-senate-floortrump-big-beautiful-bill-medicaid-digvid (0.25)
[INFO];01-Jul-25 01:03:16: [ARTICLE] https://cnn.com/2025/06/30/us/boulder-firebomb-attack-woman-death (0.45)
[INFO];01-Jul-25 01:03:16: [ARTICLE] https://cnn.com/2025/06/27/climate/trump-tax-bill-energy-costs-dg (0.45)
[WARNING];01-Jul-25 01:03:16: Failed to retrieve https://cnn.com/cnn-underscored/reviews/best-cooling-towels: HTTP 403
[INFO];01-Jul-25 01:03:16: [SKIP] https://cnn.com/account/settings (0.0)
[INFO];01-Jul-25 01:03:17: [SKIP] https://cnn.com/2025/06/25/style/video/satc-costume-designer-miranda-style-digvid (0.25)
[INFO];01-Jul-25 01:03:17: [ARTICLE] https://cnn.com/2025/06/30/politics/transgender-health-care-birth-certificates-supreme-court (0.45)
[INFO];01-Jul-25 01:03:17: [ARTICLE] https://cnn.com/2025/06/30/business/lululemon-costco-lawsuit (0.45)
